<?xml version="1.0" encoding="UTF-8"?>
<!-- Generated by org.testng.reporters.JUnitXMLReporter -->
<testsuite hostname="CDC2-L-84613MC" ignored="0" name="Default test" tests="3" failures="0" timestamp="2020-03-26T10:44:11 IST" time="0.375" errors="0">
  <testcase name="test0" time="0.137" classname="com.qa.TestCase.TestNgPriority"/>
  <testcase name="test2" time="0.004" classname="com.qa.TestCase.TestNgPriority"/>
  <testcase name="test1" time="0.005" classname="com.qa.TestCase.TestNgPriority"/>
</testsuite> <!-- Default test -->
