<?xml version="1.0" encoding="UTF-8"?>
<!-- Generated by org.testng.reporters.JUnitXMLReporter -->
<testsuite hostname="CDC2-L-84613MC" ignored="1" name="Test" tests="2" failures="0" timestamp="2020-03-13T09:49:53 IST" time="3.718" errors="0">
  <testcase name="AmazonLogoTest" time="2.06" classname="com.qa.TestCase.AmazonLoginPageTest"/>
  <testcase name="ConsumerPortalTittle" time="0.036" classname="com.qa.TestCase.AmazonLoginPageTest"/>
  <testcase name="ConsumerLogoTest" time="0.0" classname="com.qa.TestCase.AmazonLoginPageTest">
    <ignored/>
  </testcase> <!-- ConsumerLogoTest -->
</testsuite> <!-- Test -->
