<?xml version="1.0" encoding="UTF-8"?>
<!-- Generated by org.testng.reporters.JUnitXMLReporter -->
<testsuite hostname="DESKTOP-F6V67VL" ignored="6" name="Test" tests="7" failures="0" timestamp="03 Feb 2020 19:45:50 GMT" time="0.057" errors="0">
  <testcase name="@BeforeSuite setup" time="0.011" classname="com.qa.TestCase.AmazonLoginPageTest">
    <failure type="java.lang.NullPointerException">
      <![CDATA[java.lang.NullPointerException
at com.qa.BaseClass.BaseClass.initialization(BaseClass.java:92)
at com.qa.TestCase.AmazonLoginPageTest.setup(AmazonLoginPageTest.java:21)
... Removed 24 stack frames]]>
    </failure>
  </testcase> <!-- @BeforeSuite setup -->
  <testcase name="@BeforeTest DashBoardIntialize" time="0.0" classname="com.qa.TestCase.CustomerHelpPageTest">
    <skipped/>
  </testcase> <!-- @BeforeTest DashBoardIntialize -->
  <testcase name="@BeforeTest DashBoardIntialize" time="0.0" classname="com.qa.TestCase.DashBoardPageTest">
    <skipped/>
  </testcase> <!-- @BeforeTest DashBoardIntialize -->
  <testcase name="@AfterMethod getResult" time="0.0" classname="com.qa.BaseClass.BaseClass">
    <skipped/>
  </testcase> <!-- @AfterMethod getResult -->
  <testcase name="@AfterMethod getResult" time="0.0" classname="com.qa.BaseClass.BaseClass">
    <skipped/>
  </testcase> <!-- @AfterMethod getResult -->
  <testcase name="@AfterMethod getResult" time="0.0" classname="com.qa.BaseClass.BaseClass">
    <skipped/>
  </testcase> <!-- @AfterMethod getResult -->
  <testcase name="@AfterMethod getResult" time="0.0" classname="com.qa.BaseClass.BaseClass">
    <skipped/>
  </testcase> <!-- @AfterMethod getResult -->
  <testcase name="@AfterMethod getResult" time="0.0" classname="com.qa.BaseClass.BaseClass">
    <skipped/>
  </testcase> <!-- @AfterMethod getResult -->
  <testcase name="@AfterMethod getResult" time="0.0" classname="com.qa.BaseClass.BaseClass">
    <skipped/>
  </testcase> <!-- @AfterMethod getResult -->
  <testcase name="@AfterMethod getResult" time="0.0" classname="com.qa.BaseClass.BaseClass">
    <skipped/>
  </testcase> <!-- @AfterMethod getResult -->
  <testcase name="@AfterTest Exit" time="0.0" classname="com.qa.BaseClass.BaseClass">
    <skipped/>
  </testcase> <!-- @AfterTest Exit -->
  <testcase name="AmazonLogoTest" time="0.0" classname="com.qa.TestCase.AmazonLoginPageTest">
    <skipped/>
  </testcase> <!-- AmazonLogoTest -->
  <testcase name="ConsumerPortalTittle" time="0.0" classname="com.qa.TestCase.AmazonLoginPageTest">
    <skipped/>
  </testcase> <!-- ConsumerPortalTittle -->
  <testcase name="ConsumerLogoTest" time="0.0" classname="com.qa.TestCase.AmazonLoginPageTest">
    <skipped/>
  </testcase> <!-- ConsumerLogoTest -->
  <testcase name="AmazonSearchPage" time="0.0" classname="com.qa.TestCase.DashBoardPageTest">
    <skipped/>
  </testcase> <!-- AmazonSearchPage -->
  <testcase name="ClickonContactPage" time="0.0" classname="com.qa.TestCase.DashBoardPageTest">
    <skipped/>
  </testcase> <!-- ClickonContactPage -->
  <testcase name="ConsumerLogoTest" time="0.0" classname="com.qa.TestCase.CustomerHelpPageTest">
    <skipped/>
  </testcase> <!-- ConsumerLogoTest -->
  <testcase name="AmazonLogout" time="0.0" classname="com.qa.TestCase.CustomerHelpPageTest">
    <skipped/>
  </testcase> <!-- AmazonLogout -->
  <testcase name="@AfterTest Exit" time="0.0" classname="com.qa.BaseClass.BaseClass">
    <ignored/>
  </testcase> <!-- @AfterTest Exit -->
  <testcase name="@AfterTest Exit" time="0.0" classname="com.qa.BaseClass.BaseClass">
    <ignored/>
  </testcase> <!-- @AfterTest Exit -->
  <testcase name="@BeforeSuite ReportSetup" time="0.0" classname="com.qa.BaseClass.BaseClass">
    <ignored/>
  </testcase> <!-- @BeforeSuite ReportSetup -->
  <testcase name="@BeforeSuite ReportSetup" time="0.0" classname="com.qa.BaseClass.BaseClass">
    <ignored/>
  </testcase> <!-- @BeforeSuite ReportSetup -->
  <testcase name="@AfterSuite endReport" time="0.0" classname="com.qa.BaseClass.BaseClass">
    <ignored/>
  </testcase> <!-- @AfterSuite endReport -->
  <testcase name="@AfterSuite endReport" time="0.0" classname="com.qa.BaseClass.BaseClass">
    <ignored/>
  </testcase> <!-- @AfterSuite endReport -->
</testsuite> <!-- Test -->
