-------------------------------------------------------------------------------
Test set: TestSuite
-------------------------------------------------------------------------------
Tests run: 19, Failures: 1, Errors: 0, Skipped: 18, Time elapsed: 1.708 s <<< FAILURE! - in TestSuite
setup(com.qa.TestCase.AmazonLoginPageTest)  Time elapsed: 1.14 s  <<< FAILURE!
java.lang.NullPointerException
	at com.qa.TestCase.AmazonLoginPageTest.setup(AmazonLoginPageTest.java:21)

