<?xml version="1.0" encoding="UTF-8"?>
<testng-results skipped="7" failed="0" ignored="6" total="13" passed="0">
  <reporter-output>
  </reporter-output>
  <suite name="Suite" duration-ms="57" started-at="2020-02-03T19:45:50Z" finished-at="2020-02-03T19:45:50Z">
    <groups>
    </groups>
    <test name="Test" duration-ms="57" started-at="2020-02-03T19:45:50Z" finished-at="2020-02-03T19:45:50Z">
      <class name="com.qa.TestCase.AmazonLoginPageTest">
        <test-method status="PASS" signature="ReportSetup()[pri:0, instance:com.qa.TestCase.AmazonLoginPageTest@cc285f4]" name="ReportSetup" is-config="true" duration-ms="229" started-at="2020-02-03T19:45:49Z" finished-at="2020-02-03T19:45:50Z">
          <reporter-output>
          </reporter-output>
        </test-method> <!-- ReportSetup -->
        <test-method status="FAIL" signature="setup()[pri:0, instance:com.qa.TestCase.AmazonLoginPageTest@cc285f4]" name="setup" is-config="true" duration-ms="11" started-at="2020-02-03T19:45:50Z" depends-on-methods="com.qa.BaseClass.BaseClass.ReportSetup" finished-at="2020-02-03T19:45:50Z">
          <exception class="java.lang.NullPointerException">
            <full-stacktrace>
              <![CDATA[java.lang.NullPointerException
at com.qa.BaseClass.BaseClass.initialization(BaseClass.java:92)
at com.qa.TestCase.AmazonLoginPageTest.setup(AmazonLoginPageTest.java:21)
at sun.reflect.NativeMethodAccessorImpl.invoke0(Native Method)
at sun.reflect.NativeMethodAccessorImpl.invoke(NativeMethodAccessorImpl.java:62)
at sun.reflect.DelegatingMethodAccessorImpl.invoke(DelegatingMethodAccessorImpl.java:43)
at java.lang.reflect.Method.invoke(Method.java:498)
at org.testng.internal.MethodInvocationHelper.invokeMethod(MethodInvocationHelper.java:124)
at org.testng.internal.MethodInvocationHelper.invokeMethodConsideringTimeout(MethodInvocationHelper.java:59)
at org.testng.internal.Invoker.invokeConfigurationMethod(Invoker.java:455)
at org.testng.internal.Invoker.invokeConfigurations(Invoker.java:222)
at org.testng.internal.Invoker.invokeConfigurations(Invoker.java:142)
at org.testng.SuiteRunner.privateRun(SuiteRunner.java:401)
at org.testng.SuiteRunner.run(SuiteRunner.java:364)
at org.testng.SuiteRunnerWorker.runSuite(SuiteRunnerWorker.java:52)
at org.testng.SuiteRunnerWorker.run(SuiteRunnerWorker.java:84)
at org.testng.TestNG.runSuitesSequentially(TestNG.java:1208)
at org.testng.TestNG.runSuitesLocally(TestNG.java:1137)
at org.testng.TestNG.runSuites(TestNG.java:1049)
at org.testng.TestNG.run(TestNG.java:1017)
at org.apache.maven.surefire.testng.TestNGExecutor.run(TestNGExecutor.java:283)
at org.apache.maven.surefire.testng.TestNGXmlTestSuite.execute(TestNGXmlTestSuite.java:75)
at org.apache.maven.surefire.testng.TestNGProvider.invoke(TestNGProvider.java:120)
at org.apache.maven.surefire.booter.ForkedBooter.invokeProviderInSameClassLoader(ForkedBooter.java:379)
at org.apache.maven.surefire.booter.ForkedBooter.runSuitesInProcess(ForkedBooter.java:340)
at org.apache.maven.surefire.booter.ForkedBooter.execute(ForkedBooter.java:125)
at org.apache.maven.surefire.booter.ForkedBooter.main(ForkedBooter.java:413)
]]>
            </full-stacktrace>
          </exception> <!-- java.lang.NullPointerException -->
          <reporter-output>
          </reporter-output>
        </test-method> <!-- setup -->
        <test-method status="SKIP" signature="AmazonLogoTest()[pri:1, instance:com.qa.TestCase.AmazonLoginPageTest@cc285f4]" name="AmazonLogoTest" duration-ms="0" started-at="2020-02-03T19:45:50Z" description="Validation of Logo On Amazon Home Page" finished-at="2020-02-03T19:45:50Z">
          <exception class="java.lang.NullPointerException">
            <full-stacktrace>
              <![CDATA[java.lang.NullPointerException
at com.qa.BaseClass.BaseClass.initialization(BaseClass.java:92)
at com.qa.TestCase.AmazonLoginPageTest.setup(AmazonLoginPageTest.java:21)
at sun.reflect.NativeMethodAccessorImpl.invoke0(Native Method)
at sun.reflect.NativeMethodAccessorImpl.invoke(NativeMethodAccessorImpl.java:62)
at sun.reflect.DelegatingMethodAccessorImpl.invoke(DelegatingMethodAccessorImpl.java:43)
at java.lang.reflect.Method.invoke(Method.java:498)
at org.testng.internal.MethodInvocationHelper.invokeMethod(MethodInvocationHelper.java:124)
at org.testng.internal.MethodInvocationHelper.invokeMethodConsideringTimeout(MethodInvocationHelper.java:59)
at org.testng.internal.Invoker.invokeConfigurationMethod(Invoker.java:455)
at org.testng.internal.Invoker.invokeConfigurations(Invoker.java:222)
at org.testng.internal.Invoker.invokeConfigurations(Invoker.java:142)
at org.testng.SuiteRunner.privateRun(SuiteRunner.java:401)
at org.testng.SuiteRunner.run(SuiteRunner.java:364)
at org.testng.SuiteRunnerWorker.runSuite(SuiteRunnerWorker.java:52)
at org.testng.SuiteRunnerWorker.run(SuiteRunnerWorker.java:84)
at org.testng.TestNG.runSuitesSequentially(TestNG.java:1208)
at org.testng.TestNG.runSuitesLocally(TestNG.java:1137)
at org.testng.TestNG.runSuites(TestNG.java:1049)
at org.testng.TestNG.run(TestNG.java:1017)
at org.apache.maven.surefire.testng.TestNGExecutor.run(TestNGExecutor.java:283)
at org.apache.maven.surefire.testng.TestNGXmlTestSuite.execute(TestNGXmlTestSuite.java:75)
at org.apache.maven.surefire.testng.TestNGProvider.invoke(TestNGProvider.java:120)
at org.apache.maven.surefire.booter.ForkedBooter.invokeProviderInSameClassLoader(ForkedBooter.java:379)
at org.apache.maven.surefire.booter.ForkedBooter.runSuitesInProcess(ForkedBooter.java:340)
at org.apache.maven.surefire.booter.ForkedBooter.execute(ForkedBooter.java:125)
at org.apache.maven.surefire.booter.ForkedBooter.main(ForkedBooter.java:413)
]]>
            </full-stacktrace>
          </exception> <!-- java.lang.NullPointerException -->
          <reporter-output>
          </reporter-output>
        </test-method> <!-- AmazonLogoTest -->
        <test-method status="SKIP" signature="getResult(org.testng.ITestResult)[pri:0, instance:com.qa.TestCase.AmazonLoginPageTest@cc285f4]" name="getResult" is-config="true" duration-ms="0" started-at="2020-02-03T19:45:50Z" finished-at="2020-02-03T19:45:50Z">
          <reporter-output>
          </reporter-output>
        </test-method> <!-- getResult -->
        <test-method status="SKIP" signature="getResult(org.testng.ITestResult)[pri:0, instance:com.qa.TestCase.AmazonLoginPageTest@cc285f4]" name="getResult" is-config="true" duration-ms="0" started-at="2020-02-03T19:45:50Z" finished-at="2020-02-03T19:45:50Z">
          <reporter-output>
          </reporter-output>
        </test-method> <!-- getResult -->
        <test-method status="SKIP" signature="ConsumerPortalTittle()[pri:2, instance:com.qa.TestCase.AmazonLoginPageTest@cc285f4]" name="ConsumerPortalTittle" duration-ms="0" started-at="2020-02-03T19:45:50Z" description="Validation of Tittle On Amazon Home Page" finished-at="2020-02-03T19:45:50Z">
          <exception class="java.lang.NullPointerException">
            <full-stacktrace>
              <![CDATA[java.lang.NullPointerException
at com.qa.BaseClass.BaseClass.initialization(BaseClass.java:92)
at com.qa.TestCase.AmazonLoginPageTest.setup(AmazonLoginPageTest.java:21)
at sun.reflect.NativeMethodAccessorImpl.invoke0(Native Method)
at sun.reflect.NativeMethodAccessorImpl.invoke(NativeMethodAccessorImpl.java:62)
at sun.reflect.DelegatingMethodAccessorImpl.invoke(DelegatingMethodAccessorImpl.java:43)
at java.lang.reflect.Method.invoke(Method.java:498)
at org.testng.internal.MethodInvocationHelper.invokeMethod(MethodInvocationHelper.java:124)
at org.testng.internal.MethodInvocationHelper.invokeMethodConsideringTimeout(MethodInvocationHelper.java:59)
at org.testng.internal.Invoker.invokeConfigurationMethod(Invoker.java:455)
at org.testng.internal.Invoker.invokeConfigurations(Invoker.java:222)
at org.testng.internal.Invoker.invokeConfigurations(Invoker.java:142)
at org.testng.SuiteRunner.privateRun(SuiteRunner.java:401)
at org.testng.SuiteRunner.run(SuiteRunner.java:364)
at org.testng.SuiteRunnerWorker.runSuite(SuiteRunnerWorker.java:52)
at org.testng.SuiteRunnerWorker.run(SuiteRunnerWorker.java:84)
at org.testng.TestNG.runSuitesSequentially(TestNG.java:1208)
at org.testng.TestNG.runSuitesLocally(TestNG.java:1137)
at org.testng.TestNG.runSuites(TestNG.java:1049)
at org.testng.TestNG.run(TestNG.java:1017)
at org.apache.maven.surefire.testng.TestNGExecutor.run(TestNGExecutor.java:283)
at org.apache.maven.surefire.testng.TestNGXmlTestSuite.execute(TestNGXmlTestSuite.java:75)
at org.apache.maven.surefire.testng.TestNGProvider.invoke(TestNGProvider.java:120)
at org.apache.maven.surefire.booter.ForkedBooter.invokeProviderInSameClassLoader(ForkedBooter.java:379)
at org.apache.maven.surefire.booter.ForkedBooter.runSuitesInProcess(ForkedBooter.java:340)
at org.apache.maven.surefire.booter.ForkedBooter.execute(ForkedBooter.java:125)
at org.apache.maven.surefire.booter.ForkedBooter.main(ForkedBooter.java:413)
]]>
            </full-stacktrace>
          </exception> <!-- java.lang.NullPointerException -->
          <reporter-output>
          </reporter-output>
        </test-method> <!-- ConsumerPortalTittle -->
        <test-method status="SKIP" signature="ConsumerLogoTest()[pri:3, instance:com.qa.TestCase.AmazonLoginPageTest@cc285f4]" name="ConsumerLogoTest" duration-ms="0" started-at="2020-02-03T19:45:50Z" description="Amazon Customer Login Page" finished-at="2020-02-03T19:45:50Z">
          <exception class="java.lang.NullPointerException">
            <full-stacktrace>
              <![CDATA[java.lang.NullPointerException
at com.qa.BaseClass.BaseClass.initialization(BaseClass.java:92)
at com.qa.TestCase.AmazonLoginPageTest.setup(AmazonLoginPageTest.java:21)
at sun.reflect.NativeMethodAccessorImpl.invoke0(Native Method)
at sun.reflect.NativeMethodAccessorImpl.invoke(NativeMethodAccessorImpl.java:62)
at sun.reflect.DelegatingMethodAccessorImpl.invoke(DelegatingMethodAccessorImpl.java:43)
at java.lang.reflect.Method.invoke(Method.java:498)
at org.testng.internal.MethodInvocationHelper.invokeMethod(MethodInvocationHelper.java:124)
at org.testng.internal.MethodInvocationHelper.invokeMethodConsideringTimeout(MethodInvocationHelper.java:59)
at org.testng.internal.Invoker.invokeConfigurationMethod(Invoker.java:455)
at org.testng.internal.Invoker.invokeConfigurations(Invoker.java:222)
at org.testng.internal.Invoker.invokeConfigurations(Invoker.java:142)
at org.testng.SuiteRunner.privateRun(SuiteRunner.java:401)
at org.testng.SuiteRunner.run(SuiteRunner.java:364)
at org.testng.SuiteRunnerWorker.runSuite(SuiteRunnerWorker.java:52)
at org.testng.SuiteRunnerWorker.run(SuiteRunnerWorker.java:84)
at org.testng.TestNG.runSuitesSequentially(TestNG.java:1208)
at org.testng.TestNG.runSuitesLocally(TestNG.java:1137)
at org.testng.TestNG.runSuites(TestNG.java:1049)
at org.testng.TestNG.run(TestNG.java:1017)
at org.apache.maven.surefire.testng.TestNGExecutor.run(TestNGExecutor.java:283)
at org.apache.maven.surefire.testng.TestNGXmlTestSuite.execute(TestNGXmlTestSuite.java:75)
at org.apache.maven.surefire.testng.TestNGProvider.invoke(TestNGProvider.java:120)
at org.apache.maven.surefire.booter.ForkedBooter.invokeProviderInSameClassLoader(ForkedBooter.java:379)
at org.apache.maven.surefire.booter.ForkedBooter.runSuitesInProcess(ForkedBooter.java:340)
at org.apache.maven.surefire.booter.ForkedBooter.execute(ForkedBooter.java:125)
at org.apache.maven.surefire.booter.ForkedBooter.main(ForkedBooter.java:413)
]]>
            </full-stacktrace>
          </exception> <!-- java.lang.NullPointerException -->
          <reporter-output>
          </reporter-output>
        </test-method> <!-- ConsumerLogoTest -->
        <test-method status="SKIP" signature="getResult(org.testng.ITestResult)[pri:0, instance:com.qa.TestCase.AmazonLoginPageTest@cc285f4]" name="getResult" is-config="true" duration-ms="0" started-at="2020-02-03T19:45:50Z" finished-at="2020-02-03T19:45:50Z">
          <reporter-output>
          </reporter-output>
        </test-method> <!-- getResult -->
        <test-method status="SKIP" signature="Exit()[pri:0, instance:com.qa.TestCase.AmazonLoginPageTest@cc285f4]" name="Exit" is-config="true" duration-ms="0" started-at="2020-02-03T19:45:50Z" finished-at="2020-02-03T19:45:50Z">
          <reporter-output>
          </reporter-output>
        </test-method> <!-- Exit -->
        <test-method status="SKIP" signature="endReport()[pri:0, instance:com.qa.TestCase.AmazonLoginPageTest@cc285f4]" name="endReport" is-config="true" duration-ms="0" started-at="2020-02-03T19:45:50Z" finished-at="2020-02-03T19:45:50Z">
          <reporter-output>
          </reporter-output>
        </test-method> <!-- endReport -->
      </class> <!-- com.qa.TestCase.AmazonLoginPageTest -->
      <class name="com.qa.TestCase.DashBoardPageTest">
        <test-method status="SKIP" signature="getResult(org.testng.ITestResult)[pri:0, instance:com.qa.TestCase.DashBoardPageTest@8bd1b6a]" name="getResult" is-config="true" duration-ms="0" started-at="2020-02-03T19:45:50Z" finished-at="2020-02-03T19:45:50Z">
          <reporter-output>
          </reporter-output>
        </test-method> <!-- getResult -->
        <test-method status="SKIP" signature="ClickonContactPage()[pri:5, instance:com.qa.TestCase.DashBoardPageTest@8bd1b6a]" name="ClickonContactPage" duration-ms="0" started-at="2020-02-03T19:45:50Z" description="Search and get the list of all Footwear along with price on amazon Page" finished-at="2020-02-03T19:45:50Z">
          <exception class="java.lang.NullPointerException">
            <full-stacktrace>
              <![CDATA[java.lang.NullPointerException
at com.qa.BaseClass.BaseClass.initialization(BaseClass.java:92)
at com.qa.TestCase.AmazonLoginPageTest.setup(AmazonLoginPageTest.java:21)
at sun.reflect.NativeMethodAccessorImpl.invoke0(Native Method)
at sun.reflect.NativeMethodAccessorImpl.invoke(NativeMethodAccessorImpl.java:62)
at sun.reflect.DelegatingMethodAccessorImpl.invoke(DelegatingMethodAccessorImpl.java:43)
at java.lang.reflect.Method.invoke(Method.java:498)
at org.testng.internal.MethodInvocationHelper.invokeMethod(MethodInvocationHelper.java:124)
at org.testng.internal.MethodInvocationHelper.invokeMethodConsideringTimeout(MethodInvocationHelper.java:59)
at org.testng.internal.Invoker.invokeConfigurationMethod(Invoker.java:455)
at org.testng.internal.Invoker.invokeConfigurations(Invoker.java:222)
at org.testng.internal.Invoker.invokeConfigurations(Invoker.java:142)
at org.testng.SuiteRunner.privateRun(SuiteRunner.java:401)
at org.testng.SuiteRunner.run(SuiteRunner.java:364)
at org.testng.SuiteRunnerWorker.runSuite(SuiteRunnerWorker.java:52)
at org.testng.SuiteRunnerWorker.run(SuiteRunnerWorker.java:84)
at org.testng.TestNG.runSuitesSequentially(TestNG.java:1208)
at org.testng.TestNG.runSuitesLocally(TestNG.java:1137)
at org.testng.TestNG.runSuites(TestNG.java:1049)
at org.testng.TestNG.run(TestNG.java:1017)
at org.apache.maven.surefire.testng.TestNGExecutor.run(TestNGExecutor.java:283)
at org.apache.maven.surefire.testng.TestNGXmlTestSuite.execute(TestNGXmlTestSuite.java:75)
at org.apache.maven.surefire.testng.TestNGProvider.invoke(TestNGProvider.java:120)
at org.apache.maven.surefire.booter.ForkedBooter.invokeProviderInSameClassLoader(ForkedBooter.java:379)
at org.apache.maven.surefire.booter.ForkedBooter.runSuitesInProcess(ForkedBooter.java:340)
at org.apache.maven.surefire.booter.ForkedBooter.execute(ForkedBooter.java:125)
at org.apache.maven.surefire.booter.ForkedBooter.main(ForkedBooter.java:413)
]]>
            </full-stacktrace>
          </exception> <!-- java.lang.NullPointerException -->
          <reporter-output>
          </reporter-output>
        </test-method> <!-- ClickonContactPage -->
        <test-method status="SKIP" signature="AmazonSearchPage()[pri:4, instance:com.qa.TestCase.DashBoardPageTest@8bd1b6a]" name="AmazonSearchPage" duration-ms="0" started-at="2020-02-03T19:45:50Z" description="Search and get the list of all Footwear along with price on amazon Page" finished-at="2020-02-03T19:45:50Z">
          <exception class="java.lang.NullPointerException">
            <full-stacktrace>
              <![CDATA[java.lang.NullPointerException
at com.qa.BaseClass.BaseClass.initialization(BaseClass.java:92)
at com.qa.TestCase.AmazonLoginPageTest.setup(AmazonLoginPageTest.java:21)
at sun.reflect.NativeMethodAccessorImpl.invoke0(Native Method)
at sun.reflect.NativeMethodAccessorImpl.invoke(NativeMethodAccessorImpl.java:62)
at sun.reflect.DelegatingMethodAccessorImpl.invoke(DelegatingMethodAccessorImpl.java:43)
at java.lang.reflect.Method.invoke(Method.java:498)
at org.testng.internal.MethodInvocationHelper.invokeMethod(MethodInvocationHelper.java:124)
at org.testng.internal.MethodInvocationHelper.invokeMethodConsideringTimeout(MethodInvocationHelper.java:59)
at org.testng.internal.Invoker.invokeConfigurationMethod(Invoker.java:455)
at org.testng.internal.Invoker.invokeConfigurations(Invoker.java:222)
at org.testng.internal.Invoker.invokeConfigurations(Invoker.java:142)
at org.testng.SuiteRunner.privateRun(SuiteRunner.java:401)
at org.testng.SuiteRunner.run(SuiteRunner.java:364)
at org.testng.SuiteRunnerWorker.runSuite(SuiteRunnerWorker.java:52)
at org.testng.SuiteRunnerWorker.run(SuiteRunnerWorker.java:84)
at org.testng.TestNG.runSuitesSequentially(TestNG.java:1208)
at org.testng.TestNG.runSuitesLocally(TestNG.java:1137)
at org.testng.TestNG.runSuites(TestNG.java:1049)
at org.testng.TestNG.run(TestNG.java:1017)
at org.apache.maven.surefire.testng.TestNGExecutor.run(TestNGExecutor.java:283)
at org.apache.maven.surefire.testng.TestNGXmlTestSuite.execute(TestNGXmlTestSuite.java:75)
at org.apache.maven.surefire.testng.TestNGProvider.invoke(TestNGProvider.java:120)
at org.apache.maven.surefire.booter.ForkedBooter.invokeProviderInSameClassLoader(ForkedBooter.java:379)
at org.apache.maven.surefire.booter.ForkedBooter.runSuitesInProcess(ForkedBooter.java:340)
at org.apache.maven.surefire.booter.ForkedBooter.execute(ForkedBooter.java:125)
at org.apache.maven.surefire.booter.ForkedBooter.main(ForkedBooter.java:413)
]]>
            </full-stacktrace>
          </exception> <!-- java.lang.NullPointerException -->
          <reporter-output>
          </reporter-output>
        </test-method> <!-- AmazonSearchPage -->
        <test-method status="SKIP" signature="getResult(org.testng.ITestResult)[pri:0, instance:com.qa.TestCase.DashBoardPageTest@8bd1b6a]" name="getResult" is-config="true" duration-ms="0" started-at="2020-02-03T19:45:50Z" finished-at="2020-02-03T19:45:50Z">
          <reporter-output>
          </reporter-output>
        </test-method> <!-- getResult -->
      </class> <!-- com.qa.TestCase.DashBoardPageTest -->
      <class name="com.qa.TestCase.CustomerHelpPageTest">
        <test-method status="SKIP" signature="DashBoardIntialize()[pri:0, instance:com.qa.TestCase.DashBoardPageTest@8bd1b6a]" name="DashBoardIntialize" is-config="true" duration-ms="0" started-at="2020-02-03T19:45:50Z" finished-at="2020-02-03T19:45:50Z">
          <reporter-output>
          </reporter-output>
        </test-method> <!-- DashBoardIntialize -->
        <test-method status="SKIP" signature="DashBoardIntialize()[pri:0, instance:com.qa.TestCase.CustomerHelpPageTest@18be83e4]" name="DashBoardIntialize" is-config="true" duration-ms="0" started-at="2020-02-03T19:45:50Z" finished-at="2020-02-03T19:45:50Z">
          <reporter-output>
          </reporter-output>
        </test-method> <!-- DashBoardIntialize -->
        <test-method status="SKIP" signature="AmazonLogout()[pri:8, instance:com.qa.TestCase.CustomerHelpPageTest@18be83e4]" name="AmazonLogout" duration-ms="0" started-at="2020-02-03T19:45:50Z" description="MouseHover and Logout Page From Amazon" finished-at="2020-02-03T19:45:50Z">
          <exception class="java.lang.NullPointerException">
            <full-stacktrace>
              <![CDATA[java.lang.NullPointerException
at com.qa.BaseClass.BaseClass.initialization(BaseClass.java:92)
at com.qa.TestCase.AmazonLoginPageTest.setup(AmazonLoginPageTest.java:21)
at sun.reflect.NativeMethodAccessorImpl.invoke0(Native Method)
at sun.reflect.NativeMethodAccessorImpl.invoke(NativeMethodAccessorImpl.java:62)
at sun.reflect.DelegatingMethodAccessorImpl.invoke(DelegatingMethodAccessorImpl.java:43)
at java.lang.reflect.Method.invoke(Method.java:498)
at org.testng.internal.MethodInvocationHelper.invokeMethod(MethodInvocationHelper.java:124)
at org.testng.internal.MethodInvocationHelper.invokeMethodConsideringTimeout(MethodInvocationHelper.java:59)
at org.testng.internal.Invoker.invokeConfigurationMethod(Invoker.java:455)
at org.testng.internal.Invoker.invokeConfigurations(Invoker.java:222)
at org.testng.internal.Invoker.invokeConfigurations(Invoker.java:142)
at org.testng.SuiteRunner.privateRun(SuiteRunner.java:401)
at org.testng.SuiteRunner.run(SuiteRunner.java:364)
at org.testng.SuiteRunnerWorker.runSuite(SuiteRunnerWorker.java:52)
at org.testng.SuiteRunnerWorker.run(SuiteRunnerWorker.java:84)
at org.testng.TestNG.runSuitesSequentially(TestNG.java:1208)
at org.testng.TestNG.runSuitesLocally(TestNG.java:1137)
at org.testng.TestNG.runSuites(TestNG.java:1049)
at org.testng.TestNG.run(TestNG.java:1017)
at org.apache.maven.surefire.testng.TestNGExecutor.run(TestNGExecutor.java:283)
at org.apache.maven.surefire.testng.TestNGXmlTestSuite.execute(TestNGXmlTestSuite.java:75)
at org.apache.maven.surefire.testng.TestNGProvider.invoke(TestNGProvider.java:120)
at org.apache.maven.surefire.booter.ForkedBooter.invokeProviderInSameClassLoader(ForkedBooter.java:379)
at org.apache.maven.surefire.booter.ForkedBooter.runSuitesInProcess(ForkedBooter.java:340)
at org.apache.maven.surefire.booter.ForkedBooter.execute(ForkedBooter.java:125)
at org.apache.maven.surefire.booter.ForkedBooter.main(ForkedBooter.java:413)
]]>
            </full-stacktrace>
          </exception> <!-- java.lang.NullPointerException -->
          <reporter-output>
          </reporter-output>
        </test-method> <!-- AmazonLogout -->
        <test-method status="SKIP" signature="getResult(org.testng.ITestResult)[pri:0, instance:com.qa.TestCase.CustomerHelpPageTest@18be83e4]" name="getResult" is-config="true" duration-ms="0" started-at="2020-02-03T19:45:50Z" finished-at="2020-02-03T19:45:50Z">
          <reporter-output>
          </reporter-output>
        </test-method> <!-- getResult -->
        <test-method status="SKIP" signature="getResult(org.testng.ITestResult)[pri:0, instance:com.qa.TestCase.CustomerHelpPageTest@18be83e4]" name="getResult" is-config="true" duration-ms="0" started-at="2020-02-03T19:45:50Z" finished-at="2020-02-03T19:45:50Z">
          <reporter-output>
          </reporter-output>
        </test-method> <!-- getResult -->
        <test-method status="SKIP" signature="ConsumerLogoTest()[pri:7, instance:com.qa.TestCase.CustomerHelpPageTest@18be83e4]" name="ConsumerLogoTest" duration-ms="0" started-at="2020-02-03T19:45:50Z" description="MouseHover to Department and Select Baby Products" finished-at="2020-02-03T19:45:50Z">
          <exception class="java.lang.NullPointerException">
            <full-stacktrace>
              <![CDATA[java.lang.NullPointerException
at com.qa.BaseClass.BaseClass.initialization(BaseClass.java:92)
at com.qa.TestCase.AmazonLoginPageTest.setup(AmazonLoginPageTest.java:21)
at sun.reflect.NativeMethodAccessorImpl.invoke0(Native Method)
at sun.reflect.NativeMethodAccessorImpl.invoke(NativeMethodAccessorImpl.java:62)
at sun.reflect.DelegatingMethodAccessorImpl.invoke(DelegatingMethodAccessorImpl.java:43)
at java.lang.reflect.Method.invoke(Method.java:498)
at org.testng.internal.MethodInvocationHelper.invokeMethod(MethodInvocationHelper.java:124)
at org.testng.internal.MethodInvocationHelper.invokeMethodConsideringTimeout(MethodInvocationHelper.java:59)
at org.testng.internal.Invoker.invokeConfigurationMethod(Invoker.java:455)
at org.testng.internal.Invoker.invokeConfigurations(Invoker.java:222)
at org.testng.internal.Invoker.invokeConfigurations(Invoker.java:142)
at org.testng.SuiteRunner.privateRun(SuiteRunner.java:401)
at org.testng.SuiteRunner.run(SuiteRunner.java:364)
at org.testng.SuiteRunnerWorker.runSuite(SuiteRunnerWorker.java:52)
at org.testng.SuiteRunnerWorker.run(SuiteRunnerWorker.java:84)
at org.testng.TestNG.runSuitesSequentially(TestNG.java:1208)
at org.testng.TestNG.runSuitesLocally(TestNG.java:1137)
at org.testng.TestNG.runSuites(TestNG.java:1049)
at org.testng.TestNG.run(TestNG.java:1017)
at org.apache.maven.surefire.testng.TestNGExecutor.run(TestNGExecutor.java:283)
at org.apache.maven.surefire.testng.TestNGXmlTestSuite.execute(TestNGXmlTestSuite.java:75)
at org.apache.maven.surefire.testng.TestNGProvider.invoke(TestNGProvider.java:120)
at org.apache.maven.surefire.booter.ForkedBooter.invokeProviderInSameClassLoader(ForkedBooter.java:379)
at org.apache.maven.surefire.booter.ForkedBooter.runSuitesInProcess(ForkedBooter.java:340)
at org.apache.maven.surefire.booter.ForkedBooter.execute(ForkedBooter.java:125)
at org.apache.maven.surefire.booter.ForkedBooter.main(ForkedBooter.java:413)
]]>
            </full-stacktrace>
          </exception> <!-- java.lang.NullPointerException -->
          <reporter-output>
          </reporter-output>
        </test-method> <!-- ConsumerLogoTest -->
      </class> <!-- com.qa.TestCase.CustomerHelpPageTest -->
    </test> <!-- Test -->
  </suite> <!-- Suite -->
</testng-results>
