<?xml version="1.0" encoding="UTF-8"?>
<testng-results skipped="0" failed="0" ignored="1" total="3" passed="2">
  <reporter-output>
  </reporter-output>
  <suite name="Suite" duration-ms="3718" started-at="2020-03-13T09:49:49 IST" finished-at="2020-03-13T09:49:53 IST">
    <groups>
    </groups>
    <test name="Test" duration-ms="3718" started-at="2020-03-13T09:49:49 IST" finished-at="2020-03-13T09:49:53 IST">
      <class name="com.qa.TestCase.AmazonLoginPageTest">
        <test-method status="PASS" signature="ReportSetup()[pri:0, instance:com.qa.TestCase.AmazonLoginPageTest@393671df]" name="ReportSetup" is-config="true" duration-ms="288" started-at="2020-03-13T09:49:09 IST" finished-at="2020-03-13T09:49:09 IST">
          <reporter-output>
          </reporter-output>
        </test-method> <!-- ReportSetup -->
        <test-method status="PASS" signature="setup()[pri:0, instance:com.qa.TestCase.AmazonLoginPageTest@393671df]" name="setup" is-config="true" duration-ms="39562" started-at="2020-03-13T09:49:09 IST" depends-on-methods="com.qa.BaseClass.BaseClass.ReportSetup" finished-at="2020-03-13T09:49:49 IST">
          <reporter-output>
          </reporter-output>
        </test-method> <!-- setup -->
        <test-method status="PASS" signature="AmazonLogoTest()[pri:1, instance:com.qa.TestCase.AmazonLoginPageTest@393671df]" name="AmazonLogoTest" duration-ms="2060" started-at="2020-03-13T09:49:49 IST" description="Validation of Logo On Amazon Home Page" finished-at="2020-03-13T09:49:51 IST">
          <reporter-output>
          </reporter-output>
        </test-method> <!-- AmazonLogoTest -->
        <test-method status="PASS" signature="getResult(org.testng.ITestResult)[pri:0, instance:com.qa.TestCase.AmazonLoginPageTest@393671df]" name="getResult" is-config="true" duration-ms="36" started-at="2020-03-13T09:49:51 IST" finished-at="2020-03-13T09:49:51 IST">
          <params>
            <param index="0">
              <value>
                <![CDATA[[TestResult name=AmazonLogoTest status=SUCCESS method=AmazonLoginPageTest.AmazonLogoTest()[pri:1, instance:com.qa.TestCase.AmazonLoginPageTest@393671df] output={null}]]]>
              </value>
            </param>
          </params>
          <reporter-output>
          </reporter-output>
        </test-method> <!-- getResult -->
        <test-method status="PASS" signature="ConsumerPortalTittle()[pri:2, instance:com.qa.TestCase.AmazonLoginPageTest@393671df]" name="ConsumerPortalTittle" duration-ms="36" started-at="2020-03-13T09:49:51 IST" description="Validation of Title On Amazon Home Page" finished-at="2020-03-13T09:49:51 IST">
          <reporter-output>
          </reporter-output>
        </test-method> <!-- ConsumerPortalTittle -->
        <test-method status="PASS" signature="getResult(org.testng.ITestResult)[pri:0, instance:com.qa.TestCase.AmazonLoginPageTest@393671df]" name="getResult" is-config="true" duration-ms="1" started-at="2020-03-13T09:49:51 IST" finished-at="2020-03-13T09:49:51 IST">
          <params>
            <param index="0">
              <value>
                <![CDATA[[TestResult name=ConsumerPortalTittle status=SUCCESS method=AmazonLoginPageTest.ConsumerPortalTittle()[pri:2, instance:com.qa.TestCase.AmazonLoginPageTest@393671df] output={null}]]]>
              </value>
            </param>
          </params>
          <reporter-output>
          </reporter-output>
        </test-method> <!-- getResult -->
        <test-method status="PASS" signature="Exit()[pri:0, instance:com.qa.TestCase.AmazonLoginPageTest@393671df]" name="Exit" is-config="true" duration-ms="1470" started-at="2020-03-13T09:49:51 IST" finished-at="2020-03-13T09:49:53 IST">
          <reporter-output>
          </reporter-output>
        </test-method> <!-- Exit -->
        <test-method status="PASS" signature="endReport()[pri:0, instance:com.qa.TestCase.AmazonLoginPageTest@393671df]" name="endReport" is-config="true" duration-ms="803" started-at="2020-03-13T09:49:53 IST" finished-at="2020-03-13T09:49:54 IST">
          <reporter-output>
          </reporter-output>
        </test-method> <!-- endReport -->
      </class> <!-- com.qa.TestCase.AmazonLoginPageTest -->
    </test> <!-- Test -->
  </suite> <!-- Suite -->
</testng-results>
