<?xml version="1.0" encoding="UTF-8"?>
<!-- Generated by org.testng.reporters.JUnitReportReporter -->
<testsuite skipped="2" hostname="DESKTOP-F6V67VL" name="com.qa.TestCase.CustomerHelpPageTest" tests="2" failures="0" timestamp="07 Feb 2020 19:01:07 GMT" time="0.000" errors="0">
  <testcase name="ConsumerLogoTest" time="0.000" classname="com.qa.TestCase.CustomerHelpPageTest">
    <skipped/>
  </testcase> <!-- ConsumerLogoTest -->
  <testcase name="AmazonLogout" time="0.000" classname="com.qa.TestCase.CustomerHelpPageTest">
    <skipped/>
  </testcase> <!-- AmazonLogout -->
</testsuite> <!-- com.qa.TestCase.CustomerHelpPageTest -->
